<?xml version="1.0" encoding="UTF-8"?>
<!-- Generated by org.testng.reporters.JUnitReportReporter -->
<testsuite hostname="DESKTOP-HKRNLIP" failures="0" tests="2" name="SDETAssignmentMavenTestNG.SDETAssignmentMaven.MakeMyTripUsingMaven" time="40.571" errors="0" timestamp="2025-07-10T07:57:59 IST" skipped="0">
  <testcase classname="SDETAssignmentMavenTestNG.SDETAssignmentMaven.MakeMyTripUsingMaven" name="selectOneWayTripWithCities" time="18.657"/>
  <testcase classname="SDETAssignmentMavenTestNG.SDETAssignmentMaven.MakeMyTripUsingMaven" name="verifyMakeMyTripLogo" time="21.914"/>
</testsuite> <!-- SDETAssignmentMavenTestNG.SDETAssignmentMaven.MakeMyTripUsingMaven -->
