<?xml version="1.0" encoding="UTF-8"?>
<!-- Generated by org.testng.reporters.JUnitReportReporter -->
<testsuite hostname="DESKTOP-HKRNLIP" failures="0" tests="2" name="SeleniumMakeMyTrip.TestNGConceptsinMakeMyTrip" time="30.794" errors="0" timestamp="2025-07-09T07:57:00 IST" skipped="0">
  <testcase classname="SeleniumMakeMyTrip.TestNGConceptsinMakeMyTrip" name="selectOneWayTripWithCities" time="18.631"/>
  <testcase classname="SeleniumMakeMyTrip.TestNGConceptsinMakeMyTrip" name="verifyMakeMyTripLogo" time="12.163"/>
</testsuite> <!-- SeleniumMakeMyTrip.TestNGConceptsinMakeMyTrip -->
